{"D:\\NamasteyReact\\Episode 4\\src\\components\\CartSlice.js": {"path":"D:\\NamasteyReact\\Episode 4\\src\\components\\CartSlice.js","statementMap":{"0":{"start":{"line":3,"column":16},"end":{"line":38,"column":2}},"1":{"start":{"line":10,"column":12},"end":{"line":10,"column":30}},"2":{"start":{"line":14,"column":12},"end":{"line":14,"column":32}},"3":{"start":{"line":15,"column":12},"end":{"line":15,"column":45}},"4":{"start":{"line":19,"column":12},"end":{"line":19,"column":31}},"5":{"start":{"line":21,"column":22},"end":{"line":21,"column":36}},"6":{"start":{"line":23,"column":12},"end":{"line":27,"column":17}},"7":{"start":{"line":24,"column":16},"end":{"line":26,"column":17}},"8":{"start":{"line":25,"column":20},"end":{"line":25,"column":30}},"9":{"start":{"line":28,"column":12},"end":{"line":28,"column":38}},"10":{"start":{"line":33,"column":12},"end":{"line":33,"column":33}},"11":{"start":{"line":39,"column":44},"end":{"line":39,"column":61}}},"fnMap":{"0":{"name":"(anonymous_0)","decl":{"start":{"line":9,"column":23},"end":{"line":9,"column":24}},"loc":{"start":{"line":9,"column":32},"end":{"line":11,"column":9}},"line":9},"1":{"name":"(anonymous_1)","decl":{"start":{"line":12,"column":16},"end":{"line":12,"column":17}},"loc":{"start":{"line":12,"column":32},"end":{"line":16,"column":9}},"line":12},"2":{"name":"(anonymous_2)","decl":{"start":{"line":17,"column":19},"end":{"line":17,"column":20}},"loc":{"start":{"line":17,"column":35},"end":{"line":30,"column":9}},"line":17},"3":{"name":"(anonymous_3)","decl":{"start":{"line":23,"column":32},"end":{"line":23,"column":33}},"loc":{"start":{"line":23,"column":52},"end":{"line":27,"column":15}},"line":23},"4":{"name":"(anonymous_4)","decl":{"start":{"line":31,"column":18},"end":{"line":31,"column":19}},"loc":{"start":{"line":31,"column":27},"end":{"line":36,"column":9}},"line":31}},"branchMap":{"0":{"loc":{"start":{"line":24,"column":16},"end":{"line":26,"column":17}},"type":"if","locations":[{"start":{"line":24,"column":16},"end":{"line":26,"column":17}},{"start":{},"end":{}}],"line":24}},"s":{"0":1,"1":0,"2":0,"3":0,"4":0,"5":0,"6":0,"7":0,"8":0,"9":0,"10":0,"11":1},"f":{"0":0,"1":0,"2":0,"3":0,"4":0},"b":{"0":[0,0]},"_coverageSchema":"1a1c01bbd47fc00a2c39e90264f33305004495a9","hash":"95fd52a32756a1280fc54d32b95c48fad08cd420"}
,"D:\\NamasteyReact\\Episode 4\\src\\components\\Contact.js": {"path":"D:\\NamasteyReact\\Episode 4\\src\\components\\Contact.js","statementMap":{"0":{"start":{"line":1,"column":14},"end":{"line":13,"column":1}},"1":{"start":{"line":2,"column":4},"end":{"line":12,"column":5}}},"fnMap":{"0":{"name":"(anonymous_0)","decl":{"start":{"line":1,"column":14},"end":{"line":1,"column":15}},"loc":{"start":{"line":1,"column":18},"end":{"line":13,"column":1}},"line":1}},"branchMap":{},"s":{"0":1,"1":3},"f":{"0":3},"b":{},"_coverageSchema":"1a1c01bbd47fc00a2c39e90264f33305004495a9","hash":"aedfbd6d4606b8000221375287153df15e042e67"}
,"D:\\NamasteyReact\\Episode 4\\src\\components\\NavBar.js": {"path":"D:\\NamasteyReact\\Episode 4\\src\\components\\NavBar.js","statementMap":{"0":{"start":{"line":10,"column":13},"end":{"line":50,"column":1}},"1":{"start":{"line":11,"column":35},"end":{"line":11,"column":66}},"2":{"start":{"line":12,"column":41},"end":{"line":12,"column":62}},"3":{"start":{"line":13,"column":37},"end":{"line":13,"column":68}},"4":{"start":{"line":15,"column":24},"end":{"line":15,"column":62}},"5":{"start":{"line":15,"column":45},"end":{"line":15,"column":61}},"6":{"start":{"line":16,"column":4},"end":{"line":49,"column":5}},"7":{"start":{"line":26,"column":16},"end":{"line":37,"column":17}},"8":{"start":{"line":27,"column":20},"end":{"line":27,"column":47}},"9":{"start":{"line":28,"column":20},"end":{"line":28,"column":53}},"10":{"start":{"line":30,"column":20},"end":{"line":30,"column":54}},"11":{"start":{"line":33,"column":20},"end":{"line":33,"column":47}},"12":{"start":{"line":34,"column":20},"end":{"line":34,"column":54}},"13":{"start":{"line":35,"column":20},"end":{"line":35,"column":54}}},"fnMap":{"0":{"name":"(anonymous_0)","decl":{"start":{"line":10,"column":13},"end":{"line":10,"column":14}},"loc":{"start":{"line":10,"column":17},"end":{"line":50,"column":1}},"line":10},"1":{"name":"(anonymous_1)","decl":{"start":{"line":15,"column":36},"end":{"line":15,"column":37}},"loc":{"start":{"line":15,"column":45},"end":{"line":15,"column":61}},"line":15},"2":{"name":"(anonymous_2)","decl":{"start":{"line":25,"column":12},"end":{"line":25,"column":13}},"loc":{"start":{"line":25,"column":16},"end":{"line":40,"column":13}},"line":25}},"branchMap":{"0":{"loc":{"start":{"line":26,"column":16},"end":{"line":37,"column":17}},"type":"if","locations":[{"start":{"line":26,"column":16},"end":{"line":37,"column":17}},{"start":{"line":32,"column":20},"end":{"line":37,"column":17}}],"line":26}},"s":{"0":1,"1":2,"2":2,"3":2,"4":2,"5":4,"6":2,"7":0,"8":0,"9":0,"10":0,"11":0,"12":0,"13":0},"f":{"0":2,"1":4,"2":0},"b":{"0":[0,0]},"_coverageSchema":"1a1c01bbd47fc00a2c39e90264f33305004495a9","hash":"429e57882d2186e8701135ebc662903cf1f6b21a"}
,"D:\\NamasteyReact\\Episode 4\\src\\components\\sum.js": {"path":"D:\\NamasteyReact\\Episode 4\\src\\components\\sum.js","statementMap":{"0":{"start":{"line":1,"column":17},"end":{"line":3,"column":1}},"1":{"start":{"line":2,"column":5},"end":{"line":2,"column":16}}},"fnMap":{"0":{"name":"(anonymous_0)","decl":{"start":{"line":1,"column":17},"end":{"line":1,"column":18}},"loc":{"start":{"line":1,"column":24},"end":{"line":3,"column":1}},"line":1}},"branchMap":{},"s":{"0":1,"1":1},"f":{"0":1},"b":{},"_coverageSchema":"1a1c01bbd47fc00a2c39e90264f33305004495a9","hash":"89d29e5933817e5f1d626c6a0b9ffd761c76f763"}
,"D:\\NamasteyReact\\Episode 4\\utils\\appStore.js": {"path":"D:\\NamasteyReact\\Episode 4\\utils\\appStore.js","statementMap":{"0":{"start":{"line":3,"column":15},"end":{"line":7,"column":2}}},"fnMap":{},"branchMap":{},"s":{"0":1},"f":{},"b":{},"_coverageSchema":"1a1c01bbd47fc00a2c39e90264f33305004495a9","hash":"b504b3ac2403b248cf1dcfd233f8970bad30c556"}
,"D:\\NamasteyReact\\Episode 4\\utils\\constants.js": {"path":"D:\\NamasteyReact\\Episode 4\\utils\\constants.js","statementMap":{"0":{"start":{"line":1,"column":17},"end":{"line":1,"column":155}},"1":{"start":{"line":2,"column":18},"end":{"line":2,"column":102}},"2":{"start":{"line":3,"column":18},"end":{"line":3,"column":138}},"3":{"start":{"line":4,"column":20},"end":{"line":4,"column":103}},"4":{"start":{"line":5,"column":22},"end":{"line":5,"column":145}}},"fnMap":{},"branchMap":{},"s":{"0":1,"1":1,"2":1,"3":1,"4":1},"f":{},"b":{},"_coverageSchema":"1a1c01bbd47fc00a2c39e90264f33305004495a9","hash":"ae62b564101c68a62ace7f4cb3b40bd3c998fda5"}
}
